rm -f results.xml
"make" -f Makefile results.xml
make[1]: Entering directory '/mnt/c/Users/mande/astracore-neo/sim/dms_fusion'
mkdir -p sim_build
/home/mandeep/.local/bin/verilator -cc --exe -Mdir sim_build --top-module dms_fusion --timescale 1ns/1ps --vpi --public-flat-rw --prefix Vtop -o Vtop -LDFLAGS "-Wl,-rpath,/usr/local/lib/python3.10/dist-packages/cocotb/libs -L/usr/local/lib/python3.10/dist-packages/cocotb/libs -lcocotbvpi_verilator" -Wno-fatal -Wno-WIDTH -Wno-WIDTHEXPAND -Wno-WIDTHTRUNC -Wno-CASEINCOMPLETE -Wno-UNSIGNED -Wno-UNUSEDSIGNAL -Wno-UNDRIVEN -Wno-PINCONNECTEMPTY -Wno-SYMRSVDWORD --timing /mnt/c/Users/mande/astracore-neo/rtl/dms_fusion/dms_fusion.v /mnt/c/Users/mande/astracore-neo/rtl/tmr_voter/tmr_voter.v /usr/local/lib/python3.10/dist-packages/cocotb/share/lib/verilator/verilator.cpp
- V e r i l a t i o n   R e p o r t: Verilator 5.036 2025-04-27 rev v5.036
- Verilator: Built from 0.073 MB sources in 3 modules, into 0.086 MB in 9 C++ files needing 0.000 MB
- Verilator: Walltime 0.214 s (elab=0.001, cvt=0.058, bld=0.000); cpu 0.024 s on 1 threads; alloced 10.215 MB
make -C sim_build  -f Vtop.mk
make[2]: Entering directory '/mnt/c/Users/mande/astracore-neo/sim/dms_fusion/sim_build'
ccache g++  -I.  -MMD -I/home/mandeep/.local/share/verilator/include -I/home/mandeep/.local/share/verilator/include/vltstd -DVM_COVERAGE=0 -DVM_SC=0 -DVM_TIMING=0 -DVM_TRACE=0 -DVM_TRACE_FST=0 -DVM_TRACE_VCD=0 -DVM_TRACE_SAIF=0 -faligned-new -fcf-protection=none -Wno-bool-operation -Wno-shadow -Wno-sign-compare -Wno-subobject-linkage -Wno-tautological-compare -Wno-uninitialized -Wno-unused-but-set-parameter -Wno-unused-but-set-variable -Wno-unused-parameter -Wno-unused-variable      -Os  -c -o verilator.o /usr/local/lib/python3.10/dist-packages/cocotb/share/lib/verilator/verilator.cpp
ccache g++ -Os  -I.  -MMD -I/home/mandeep/.local/share/verilator/include -I/home/mandeep/.local/share/verilator/include/vltstd -DVM_COVERAGE=0 -DVM_SC=0 -DVM_TIMING=0 -DVM_TRACE=0 -DVM_TRACE_FST=0 -DVM_TRACE_VCD=0 -DVM_TRACE_SAIF=0 -faligned-new -fcf-protection=none -Wno-bool-operation -Wno-shadow -Wno-sign-compare -Wno-subobject-linkage -Wno-tautological-compare -Wno-uninitialized -Wno-unused-but-set-parameter -Wno-unused-but-set-variable -Wno-unused-parameter -Wno-unused-variable      -c -o verilated.o /home/mandeep/.local/share/verilator/include/verilated.cpp
ccache g++ -Os  -I.  -MMD -I/home/mandeep/.local/share/verilator/include -I/home/mandeep/.local/share/verilator/include/vltstd -DVM_COVERAGE=0 -DVM_SC=0 -DVM_TIMING=0 -DVM_TRACE=0 -DVM_TRACE_FST=0 -DVM_TRACE_VCD=0 -DVM_TRACE_SAIF=0 -faligned-new -fcf-protection=none -Wno-bool-operation -Wno-shadow -Wno-sign-compare -Wno-subobject-linkage -Wno-tautological-compare -Wno-uninitialized -Wno-unused-but-set-parameter -Wno-unused-but-set-variable -Wno-unused-parameter -Wno-unused-variable      -c -o verilated_dpi.o /home/mandeep/.local/share/verilator/include/verilated_dpi.cpp
ccache g++ -Os  -I.  -MMD -I/home/mandeep/.local/share/verilator/include -I/home/mandeep/.local/share/verilator/include/vltstd -DVM_COVERAGE=0 -DVM_SC=0 -DVM_TIMING=0 -DVM_TRACE=0 -DVM_TRACE_FST=0 -DVM_TRACE_VCD=0 -DVM_TRACE_SAIF=0 -faligned-new -fcf-protection=none -Wno-bool-operation -Wno-shadow -Wno-sign-compare -Wno-subobject-linkage -Wno-tautological-compare -Wno-uninitialized -Wno-unused-but-set-parameter -Wno-unused-but-set-variable -Wno-unused-parameter -Wno-unused-variable      -c -o verilated_vpi.o /home/mandeep/.local/share/verilator/include/verilated_vpi.cpp
ccache g++ -Os  -I.  -MMD -I/home/mandeep/.local/share/verilator/include -I/home/mandeep/.local/share/verilator/include/vltstd -DVM_COVERAGE=0 -DVM_SC=0 -DVM_TIMING=0 -DVM_TRACE=0 -DVM_TRACE_FST=0 -DVM_TRACE_VCD=0 -DVM_TRACE_SAIF=0 -faligned-new -fcf-protection=none -Wno-bool-operation -Wno-shadow -Wno-sign-compare -Wno-subobject-linkage -Wno-tautological-compare -Wno-uninitialized -Wno-unused-but-set-parameter -Wno-unused-but-set-variable -Wno-unused-parameter -Wno-unused-variable      -c -o verilated_threads.o /home/mandeep/.local/share/verilator/include/verilated_threads.cpp
python3 /home/mandeep/.local/share/verilator/bin/verilator_includer -DVL_INCLUDE_OPT=include Vtop.cpp Vtop___024root__DepSet_h84412442__0.cpp Vtop___024root__DepSet_heccd7ead__0.cpp Vtop__Dpi.cpp Vtop__ConstPool_0.cpp Vtop___024root__Slow.cpp Vtop___024root__DepSet_h84412442__0__Slow.cpp Vtop___024root__DepSet_heccd7ead__0__Slow.cpp Vtop__Syms.cpp > Vtop__ALL.cpp
ccache g++ -Os  -I.  -MMD -I/home/mandeep/.local/share/verilator/include -I/home/mandeep/.local/share/verilator/include/vltstd -DVM_COVERAGE=0 -DVM_SC=0 -DVM_TIMING=0 -DVM_TRACE=0 -DVM_TRACE_FST=0 -DVM_TRACE_VCD=0 -DVM_TRACE_SAIF=0 -faligned-new -fcf-protection=none -Wno-bool-operation -Wno-shadow -Wno-sign-compare -Wno-subobject-linkage -Wno-tautological-compare -Wno-uninitialized -Wno-unused-but-set-parameter -Wno-unused-but-set-variable -Wno-unused-parameter -Wno-unused-variable      -c -o Vtop__ALL.o Vtop__ALL.cpp
echo "" > Vtop__ALL.verilator_deplist.tmp
g++    verilator.o verilated.o verilated_dpi.o verilated_vpi.o verilated_threads.o Vtop__ALL.a   -Wl,-rpath,/usr/local/lib/python3.10/dist-packages/cocotb/libs -L/usr/local/lib/python3.10/dist-packages/cocotb/libs -lcocotbvpi_verilator  -pthread -lpthread -latomic   -o Vtop
rm Vtop__ALL.verilator_deplist.tmp
make[2]: Leaving directory '/mnt/c/Users/mande/astracore-neo/sim/dms_fusion/sim_build'
/usr/local/lib/python3.10/dist-packages/cocotb_tools/makefiles/simulators/Makefile.verilator:69: Using MODULE is deprecated, please use COCOTB_TEST_MODULES instead.
rm -f results.xml
COCOTB_TEST_MODULES=test_dms_fusion COCOTB_TESTCASE= COCOTB_TEST_FILTER= COCOTB_TOPLEVEL=dms_fusion TOPLEVEL_LANG=verilog \
         sim_build/Vtop  -Wno-fatal -Wno-WIDTH -Wno-WIDTHEXPAND -Wno-WIDTHTRUNC -Wno-CASEINCOMPLETE -Wno-UNSIGNED -Wno-UNUSEDSIGNAL -Wno-UNDRIVEN -Wno-PINCONNECTEMPTY -Wno-SYMRSVDWORD --timing   
     -.--ns INFO     gpi                                ..mbed/gpi_embed.cpp:93   in _embed_init_python              Using Python 3.10.14 interpreter at /usr/bin/python3
     -.--ns INFO     gpi                                ../gpi/GpiCommon.cpp:79   in gpi_print_registered_impl       VPI registered
     0.00ns INFO     cocotb                             Running on Verilator version 5.036 2025-04-27
     0.00ns INFO     cocotb                             Seeding Python random module with 1776703728
     0.00ns INFO     cocotb                             Initialized cocotb v2.0.1 from /usr/local/lib/python3.10/dist-packages/cocotb
     0.00ns INFO     cocotb.regression                  pytest not found, install it to enable better AssertionError messages
     0.00ns INFO     cocotb                             Running tests
     0.00ns INFO     cocotb.regression                  running test_dms_fusion.test_reset_state (1/14)
                                                            After reset the module outputs ATTENTIVE with confidence 100.
     0.00ns WARNING  py.warnings                        /mnt/c/Users/mande/astracore-neo/sim/dms_fusion/test_dms_fusion.py:94: DeprecationWarning: The 'units' argument has been renamed to 'unit'.
                                                          cocotb.start_soon(Clock(dut.clk, 20, units="ns").start())
   100.00ns WARNING  ..est_reset_state.test_reset_state Expected confidence=100 after reset, got 00000000
                                                        Traceback (most recent call last):
                                                          File "/mnt/c/Users/mande/astracore-neo/sim/dms_fusion/test_dms_fusion.py", line 100, in test_reset_state
                                                            assert dut.dms_confidence.value == 100, (
                                                        AssertionError: Expected confidence=100 after reset, got 00000000
   100.00ns WARNING  cocotb.regression                  test_dms_fusion.test_reset_state failed
   100.00ns INFO     cocotb.regression                  running test_dms_fusion.test_attentive_path (2/14)
                                                            Normal driving: in zone, eyes open, low PERCLOS → stays ATTENTIVE.
   100.00ns WARNING  py.warnings                        /mnt/c/Users/mande/astracore-neo/sim/dms_fusion/test_dms_fusion.py:109: DeprecationWarning: The 'units' argument has been renamed to 'unit'.
                                                          cocotb.start_soon(Clock(dut.clk, 20, units="ns").start())
  1820.00ns INFO     cocotb.regression                  test_dms_fusion.test_attentive_path passed
  1820.00ns INFO     cocotb.regression                  running test_dms_fusion.test_drowsy_perclos_threshold (3/14)
                                                            PERCLOS >= 20% (6/30 frames) should converge to DROWSY.
  1820.00ns WARNING  py.warnings                        /mnt/c/Users/mande/astracore-neo/sim/dms_fusion/test_dms_fusion.py:128: DeprecationWarning: The 'units' argument has been renamed to 'unit'.
                                                          cocotb.start_soon(Clock(dut.clk, 20, units="ns").start())
  4340.00ns INFO     cocotb.regression                  test_dms_fusion.test_drowsy_perclos_threshold passed
  4340.00ns INFO     cocotb.regression                  running test_dms_fusion.test_critical_perclos_threshold (4/14)
                                                            PERCLOS >= 50% (15/30 frames) should converge to CRITICAL.
  4340.00ns WARNING  py.warnings                        /mnt/c/Users/mande/astracore-neo/sim/dms_fusion/test_dms_fusion.py:147: DeprecationWarning: The 'units' argument has been renamed to 'unit'.
                                                          cocotb.start_soon(Clock(dut.clk, 20, units="ns").start())
  6860.00ns INFO     cocotb.regression                  test_dms_fusion.test_critical_perclos_threshold passed
  6860.00ns INFO     cocotb.regression                  running test_dms_fusion.test_critical_continuous_closed (5/14)
                                                            Eyes continuously closed for >= 60 frames (2 s @ 30 fps) → CRITICAL.
  6860.00ns WARNING  py.warnings                        /mnt/c/Users/mande/astracore-neo/sim/dms_fusion/test_dms_fusion.py:166: DeprecationWarning: The 'units' argument has been renamed to 'unit'.
                                                          cocotb.start_soon(Clock(dut.clk, 20, units="ns").start())
  9980.00ns INFO     cocotb.regression                  test_dms_fusion.test_critical_continuous_closed passed
  9980.00ns INFO     cocotb.regression                  running test_dms_fusion.test_distracted_continuous_out_of_zone (6/14)
                                                            Head continuously out of zone for >= 90 frames (3 s @ 30 fps) → DISTRACTED.
  9980.00ns WARNING  py.warnings                        /mnt/c/Users/mande/astracore-neo/sim/dms_fusion/test_dms_fusion.py:190: DeprecationWarning: The 'units' argument has been renamed to 'unit'.
                                                          cocotb.start_soon(Clock(dut.clk, 20, units="ns").start())
 14100.00ns INFO     cocotb.regression                  test_dms_fusion.test_distracted_continuous_out_of_zone passed
 14100.00ns INFO     cocotb.regression                  running test_dms_fusion.test_return_to_attentive (7/14)
                                                            After drowsy, returning to normal driving converges back to ATTENTIVE.
 14100.01ns WARNING  py.warnings                        /mnt/c/Users/mande/astracore-neo/sim/dms_fusion/test_dms_fusion.py:209: DeprecationWarning: The 'units' argument has been renamed to 'unit'.
                                                          cocotb.start_soon(Clock(dut.clk, 20, units="ns").start())
 19820.01ns INFO     cocotb.regression                  test_dms_fusion.test_return_to_attentive passed
 19820.01ns INFO     cocotb.regression                  running test_dms_fusion.test_iir_smoothing_no_single_frame_alert (8/14)
                                                            A single CRITICAL frame must NOT immediately trigger CRITICAL level (IIR smoothing).
 19820.01ns WARNING  py.warnings                        /mnt/c/Users/mande/astracore-neo/sim/dms_fusion/test_dms_fusion.py:232: DeprecationWarning: The 'units' argument has been renamed to 'unit'.
                                                          cocotb.start_soon(Clock(dut.clk, 20, units="ns").start())
 20780.01ns INFO     cocotb.regression                  test_dms_fusion.test_iir_smoothing_no_single_frame_alert passed
 20780.01ns INFO     cocotb.regression                  running test_dms_fusion.test_sensor_fail_watchdog (9/14)
                                                            No gaze_valid for WATCHDOG_CYCLES clocks → SENSOR_FAIL, dms_alert asserted.
 20780.01ns WARNING  py.warnings                        /mnt/c/Users/mande/astracore-neo/sim/dms_fusion/test_dms_fusion.py:265: DeprecationWarning: The 'units' argument has been renamed to 'unit'.
                                                          cocotb.start_soon(Clock(dut.clk, 20, units="ns").start())
 21340.01ns INFO     test                               Watchdog counter and reset behavior verified
 21340.01ns INFO     cocotb.regression                  test_dms_fusion.test_sensor_fail_watchdog passed
 21340.01ns INFO     cocotb.regression                  running test_dms_fusion.test_sensor_fail_immediate_override (10/14)
                                                            Once SENSOR_FAIL fires, it should override any IIR state and set confidence=0.
 21340.01ns WARNING  py.warnings                        /mnt/c/Users/mande/astracore-neo/sim/dms_fusion/test_dms_fusion.py:292: DeprecationWarning: The 'units' argument has been renamed to 'unit'.
                                                          cocotb.start_soon(Clock(dut.clk, 20, units="ns").start())
 23860.01ns INFO     test                               dms_alert assertion on CRITICAL verified; SENSOR_FAIL path uses same logic
 23860.01ns INFO     cocotb.regression                  test_dms_fusion.test_sensor_fail_immediate_override passed
 23860.01ns INFO     cocotb.regression                  running test_dms_fusion.test_dms_alert_deasserted_when_attentive (11/14)
                                                            dms_alert must be deasserted when level is ATTENTIVE or DROWSY.
 23860.01ns WARNING  py.warnings                        /mnt/c/Users/mande/astracore-neo/sim/dms_fusion/test_dms_fusion.py:310: DeprecationWarning: The 'units' argument has been renamed to 'unit'.
                                                          cocotb.start_soon(Clock(dut.clk, 20, units="ns").start())
 25180.01ns INFO     cocotb.regression                  test_dms_fusion.test_dms_alert_deasserted_when_attentive passed
 25180.01ns INFO     cocotb.regression                  running test_dms_fusion.test_gaze_only_updates (12/14)
                                                            Module handles gaze_valid updates without simultaneous pose_valid.
 25180.01ns WARNING  py.warnings                        /mnt/c/Users/mande/astracore-neo/sim/dms_fusion/test_dms_fusion.py:325: DeprecationWarning: The 'units' argument has been renamed to 'unit'.
                                                          cocotb.start_soon(Clock(dut.clk, 20, units="ns").start())
 26900.01ns INFO     cocotb.regression                  test_dms_fusion.test_gaze_only_updates passed
 26900.01ns INFO     cocotb.regression                  running test_dms_fusion.test_pose_only_updates (13/14)
                                                            Module handles pose_valid updates without simultaneous gaze_valid.
 26900.01ns WARNING  py.warnings                        /mnt/c/Users/mande/astracore-neo/sim/dms_fusion/test_dms_fusion.py:340: DeprecationWarning: The 'units' argument has been renamed to 'unit'.
                                                          cocotb.start_soon(Clock(dut.clk, 20, units="ns").start())
 31060.01ns INFO     test                               After 100 out-of-zone pose frames, level=0b010
 31060.01ns INFO     cocotb.regression                  test_dms_fusion.test_pose_only_updates passed
 31060.01ns INFO     cocotb.regression                  running test_dms_fusion.test_blink_rate_elevation (14/14)
                                                            High blink rate (delta > BLINK_HIGH_THRESH per window) triggers DROWSY.
 31060.01ns WARNING  py.warnings                        /mnt/c/Users/mande/astracore-neo/sim/dms_fusion/test_dms_fusion.py:359: DeprecationWarning: The 'units' argument has been renamed to 'unit'.
                                                          cocotb.start_soon(Clock(dut.clk, 20, units="ns").start())
 34780.01ns INFO     test                               After high blink rate: level=0b001
 34780.01ns INFO     cocotb.regression                  test_dms_fusion.test_blink_rate_elevation passed
 34780.01ns INFO     cocotb.regression                  ******************************************************************************************************************
                                                        ** TEST                                                      STATUS  SIM TIME (ns)  REAL TIME (s)  RATIO (ns/s) **
                                                        ******************************************************************************************************************
                                                        ** test_dms_fusion.test_reset_state                           FAIL         100.00           0.01      15396.46  **
                                                        ** test_dms_fusion.test_attentive_path                        PASS        1720.00           0.00     725628.94  **
                                                        ** test_dms_fusion.test_drowsy_perclos_threshold              PASS        2520.00           0.00     708944.00  **
                                                        ** test_dms_fusion.test_critical_perclos_threshold            PASS        2520.00           0.00     637570.64  **
                                                        ** test_dms_fusion.test_critical_continuous_closed            PASS        3120.00           0.01     622975.74  **
                                                        ** test_dms_fusion.test_distracted_continuous_out_of_zone     PASS        4120.00           0.01     803185.33  **
                                                        ** test_dms_fusion.test_return_to_attentive                   PASS        5720.00           0.01     724750.59  **
                                                        ** test_dms_fusion.test_iir_smoothing_no_single_frame_alert   PASS         960.00           0.00     710021.48  **
                                                        ** test_dms_fusion.test_sensor_fail_watchdog                  PASS         560.00           0.00     679436.00  **
                                                        ** test_dms_fusion.test_sensor_fail_immediate_override        PASS        2520.00           0.00     628061.45  **
                                                        ** test_dms_fusion.test_dms_alert_deasserted_when_attentive   PASS        1320.00           0.00     754494.59  **
                                                        ** test_dms_fusion.test_gaze_only_updates                     PASS        1720.00           0.00     961637.28  **
                                                        ** test_dms_fusion.test_pose_only_updates                     PASS        4160.00           0.00     893959.66  **
                                                        ** test_dms_fusion.test_blink_rate_elevation                  PASS        3720.00           0.00     793551.57  **
                                                        ******************************************************************************************************************
                                                        ** TESTS=14 PASS=13 FAIL=1 SKIP=0                                        34780.01           0.10     347683.58  **
                                                        ******************************************************************************************************************
- :0: Verilog $finish
make[1]: *** [/usr/local/lib/python3.10/dist-packages/cocotb_tools/makefiles/simulators/Makefile.verilator:70: results.xml] Error 1
make[1]: Leaving directory '/mnt/c/Users/mande/astracore-neo/sim/dms_fusion'
make: *** [/usr/local/lib/python3.10/dist-packages/cocotb_tools/makefiles/Makefile.inc:17: sim] Error 2
