rm -f results.xml
"make" -f Makefile results.xml
make[1]: Entering directory '/mnt/c/Users/mande/astracore-neo/sim/ecc_secded'
mkdir -p sim_build
/home/mandeep/.local/bin/verilator -cc --exe -Mdir sim_build --top-module ecc_secded --timescale 1ns/1ps --vpi --public-flat-rw --prefix Vtop -o Vtop -LDFLAGS "-Wl,-rpath,/usr/local/lib/python3.10/dist-packages/cocotb/libs -L/usr/local/lib/python3.10/dist-packages/cocotb/libs -lcocotbvpi_verilator" -Wno-fatal -Wno-WIDTH -Wno-WIDTHEXPAND -Wno-WIDTHTRUNC -Wno-CASEINCOMPLETE -Wno-UNSIGNED -Wno-UNUSEDSIGNAL -Wno-UNDRIVEN -Wno-PINCONNECTEMPTY -Wno-SYMRSVDWORD --timing /mnt/c/Users/mande/astracore-neo/rtl/ecc_secded/ecc_secded.v /usr/local/lib/python3.10/dist-packages/cocotb/share/lib/verilator/verilator.cpp
- V e r i l a t i o n   R e p o r t: Verilator 5.036 2025-04-27 rev v5.036
- Verilator: Built from 0.030 MB sources in 2 modules, into 0.212 MB in 8 C++ files needing 0.000 MB
- Verilator: Walltime 0.263 s (elab=0.001, cvt=0.088, bld=0.000); cpu 0.063 s on 1 threads; alloced 15.891 MB
make -C sim_build  -f Vtop.mk
make[2]: Entering directory '/mnt/c/Users/mande/astracore-neo/sim/ecc_secded/sim_build'
ccache g++  -I.  -MMD -I/home/mandeep/.local/share/verilator/include -I/home/mandeep/.local/share/verilator/include/vltstd -DVM_COVERAGE=0 -DVM_SC=0 -DVM_TIMING=0 -DVM_TRACE=0 -DVM_TRACE_FST=0 -DVM_TRACE_VCD=0 -DVM_TRACE_SAIF=0 -faligned-new -fcf-protection=none -Wno-bool-operation -Wno-shadow -Wno-sign-compare -Wno-subobject-linkage -Wno-tautological-compare -Wno-uninitialized -Wno-unused-but-set-parameter -Wno-unused-but-set-variable -Wno-unused-parameter -Wno-unused-variable      -Os  -c -o verilator.o /usr/local/lib/python3.10/dist-packages/cocotb/share/lib/verilator/verilator.cpp
ccache g++ -Os  -I.  -MMD -I/home/mandeep/.local/share/verilator/include -I/home/mandeep/.local/share/verilator/include/vltstd -DVM_COVERAGE=0 -DVM_SC=0 -DVM_TIMING=0 -DVM_TRACE=0 -DVM_TRACE_FST=0 -DVM_TRACE_VCD=0 -DVM_TRACE_SAIF=0 -faligned-new -fcf-protection=none -Wno-bool-operation -Wno-shadow -Wno-sign-compare -Wno-subobject-linkage -Wno-tautological-compare -Wno-uninitialized -Wno-unused-but-set-parameter -Wno-unused-but-set-variable -Wno-unused-parameter -Wno-unused-variable      -c -o verilated.o /home/mandeep/.local/share/verilator/include/verilated.cpp
ccache g++ -Os  -I.  -MMD -I/home/mandeep/.local/share/verilator/include -I/home/mandeep/.local/share/verilator/include/vltstd -DVM_COVERAGE=0 -DVM_SC=0 -DVM_TIMING=0 -DVM_TRACE=0 -DVM_TRACE_FST=0 -DVM_TRACE_VCD=0 -DVM_TRACE_SAIF=0 -faligned-new -fcf-protection=none -Wno-bool-operation -Wno-shadow -Wno-sign-compare -Wno-subobject-linkage -Wno-tautological-compare -Wno-uninitialized -Wno-unused-but-set-parameter -Wno-unused-but-set-variable -Wno-unused-parameter -Wno-unused-variable      -c -o verilated_dpi.o /home/mandeep/.local/share/verilator/include/verilated_dpi.cpp
ccache g++ -Os  -I.  -MMD -I/home/mandeep/.local/share/verilator/include -I/home/mandeep/.local/share/verilator/include/vltstd -DVM_COVERAGE=0 -DVM_SC=0 -DVM_TIMING=0 -DVM_TRACE=0 -DVM_TRACE_FST=0 -DVM_TRACE_VCD=0 -DVM_TRACE_SAIF=0 -faligned-new -fcf-protection=none -Wno-bool-operation -Wno-shadow -Wno-sign-compare -Wno-subobject-linkage -Wno-tautological-compare -Wno-uninitialized -Wno-unused-but-set-parameter -Wno-unused-but-set-variable -Wno-unused-parameter -Wno-unused-variable      -c -o verilated_vpi.o /home/mandeep/.local/share/verilator/include/verilated_vpi.cpp
ccache g++ -Os  -I.  -MMD -I/home/mandeep/.local/share/verilator/include -I/home/mandeep/.local/share/verilator/include/vltstd -DVM_COVERAGE=0 -DVM_SC=0 -DVM_TIMING=0 -DVM_TRACE=0 -DVM_TRACE_FST=0 -DVM_TRACE_VCD=0 -DVM_TRACE_SAIF=0 -faligned-new -fcf-protection=none -Wno-bool-operation -Wno-shadow -Wno-sign-compare -Wno-subobject-linkage -Wno-tautological-compare -Wno-uninitialized -Wno-unused-but-set-parameter -Wno-unused-but-set-variable -Wno-unused-parameter -Wno-unused-variable      -c -o verilated_threads.o /home/mandeep/.local/share/verilator/include/verilated_threads.cpp
python3 /home/mandeep/.local/share/verilator/bin/verilator_includer -DVL_INCLUDE_OPT=include Vtop.cpp Vtop___024root__DepSet_h84412442__0.cpp Vtop___024root__DepSet_heccd7ead__0.cpp Vtop__Dpi.cpp Vtop___024root__Slow.cpp Vtop___024root__DepSet_h84412442__0__Slow.cpp Vtop___024root__DepSet_heccd7ead__0__Slow.cpp Vtop__Syms.cpp > Vtop__ALL.cpp
ccache g++ -Os  -I.  -MMD -I/home/mandeep/.local/share/verilator/include -I/home/mandeep/.local/share/verilator/include/vltstd -DVM_COVERAGE=0 -DVM_SC=0 -DVM_TIMING=0 -DVM_TRACE=0 -DVM_TRACE_FST=0 -DVM_TRACE_VCD=0 -DVM_TRACE_SAIF=0 -faligned-new -fcf-protection=none -Wno-bool-operation -Wno-shadow -Wno-sign-compare -Wno-subobject-linkage -Wno-tautological-compare -Wno-uninitialized -Wno-unused-but-set-parameter -Wno-unused-but-set-variable -Wno-unused-parameter -Wno-unused-variable      -c -o Vtop__ALL.o Vtop__ALL.cpp
g++: fatal error: Terminated signal terminated program cc1plus
compilation terminated.
make[2]: *** [/home/mandeep/.local/share/verilator/include/verilated.mk:273: Vtop__ALL.o] Error 1
make[2]: Leaving directory '/mnt/c/Users/mande/astracore-neo/sim/ecc_secded/sim_build'
make[1]: *** [/usr/local/lib/python3.10/dist-packages/cocotb_tools/makefiles/simulators/Makefile.verilator:65: sim_build/Vtop] Error 2
make[1]: Leaving directory '/mnt/c/Users/mande/astracore-neo/sim/ecc_secded'
make: *** [/usr/local/lib/python3.10/dist-packages/cocotb_tools/makefiles/Makefile.inc:17: sim] Error 2
