rm -f results.xml
"make" -f Makefile results.xml
make[1]: Entering directory '/mnt/c/Users/mande/astracore-neo/sim/tmr_voter'
mkdir -p sim_build
/home/mandeep/.local/bin/verilator -cc --exe -Mdir sim_build --top-module tmr_voter --timescale 1ns/1ps --vpi --public-flat-rw --prefix Vtop -o Vtop -LDFLAGS "-Wl,-rpath,/usr/local/lib/python3.10/dist-packages/cocotb/libs -L/usr/local/lib/python3.10/dist-packages/cocotb/libs -lcocotbvpi_verilator"  /mnt/c/Users/mande/astracore-neo/rtl/tmr_voter/tmr_voter.v /usr/local/lib/python3.10/dist-packages/cocotb/share/lib/verilator/verilator.cpp
- V e r i l a t i o n   R e p o r t: Verilator 5.036 2025-04-27 rev v5.036
- Verilator: Built from 0.027 MB sources in 2 modules, into 0.040 MB in 8 C++ files needing 0.000 MB
- Verilator: Walltime 0.193 s (elab=0.000, cvt=0.048, bld=0.000); cpu 0.015 s on 1 threads; alloced 9.195 MB
make -C sim_build  -f Vtop.mk
make[2]: Entering directory '/mnt/c/Users/mande/astracore-neo/sim/tmr_voter/sim_build'
ccache g++  -I.  -MMD -I/home/mandeep/.local/share/verilator/include -I/home/mandeep/.local/share/verilator/include/vltstd -DVM_COVERAGE=0 -DVM_SC=0 -DVM_TIMING=0 -DVM_TRACE=0 -DVM_TRACE_FST=0 -DVM_TRACE_VCD=0 -DVM_TRACE_SAIF=0 -faligned-new -fcf-protection=none -Wno-bool-operation -Wno-shadow -Wno-sign-compare -Wno-subobject-linkage -Wno-tautological-compare -Wno-uninitialized -Wno-unused-but-set-parameter -Wno-unused-but-set-variable -Wno-unused-parameter -Wno-unused-variable      -Os  -c -o verilator.o /usr/local/lib/python3.10/dist-packages/cocotb/share/lib/verilator/verilator.cpp
ccache g++ -Os  -I.  -MMD -I/home/mandeep/.local/share/verilator/include -I/home/mandeep/.local/share/verilator/include/vltstd -DVM_COVERAGE=0 -DVM_SC=0 -DVM_TIMING=0 -DVM_TRACE=0 -DVM_TRACE_FST=0 -DVM_TRACE_VCD=0 -DVM_TRACE_SAIF=0 -faligned-new -fcf-protection=none -Wno-bool-operation -Wno-shadow -Wno-sign-compare -Wno-subobject-linkage -Wno-tautological-compare -Wno-uninitialized -Wno-unused-but-set-parameter -Wno-unused-but-set-variable -Wno-unused-parameter -Wno-unused-variable      -c -o verilated.o /home/mandeep/.local/share/verilator/include/verilated.cpp
ccache g++ -Os  -I.  -MMD -I/home/mandeep/.local/share/verilator/include -I/home/mandeep/.local/share/verilator/include/vltstd -DVM_COVERAGE=0 -DVM_SC=0 -DVM_TIMING=0 -DVM_TRACE=0 -DVM_TRACE_FST=0 -DVM_TRACE_VCD=0 -DVM_TRACE_SAIF=0 -faligned-new -fcf-protection=none -Wno-bool-operation -Wno-shadow -Wno-sign-compare -Wno-subobject-linkage -Wno-tautological-compare -Wno-uninitialized -Wno-unused-but-set-parameter -Wno-unused-but-set-variable -Wno-unused-parameter -Wno-unused-variable      -c -o verilated_dpi.o /home/mandeep/.local/share/verilator/include/verilated_dpi.cpp
ccache g++ -Os  -I.  -MMD -I/home/mandeep/.local/share/verilator/include -I/home/mandeep/.local/share/verilator/include/vltstd -DVM_COVERAGE=0 -DVM_SC=0 -DVM_TIMING=0 -DVM_TRACE=0 -DVM_TRACE_FST=0 -DVM_TRACE_VCD=0 -DVM_TRACE_SAIF=0 -faligned-new -fcf-protection=none -Wno-bool-operation -Wno-shadow -Wno-sign-compare -Wno-subobject-linkage -Wno-tautological-compare -Wno-uninitialized -Wno-unused-but-set-parameter -Wno-unused-but-set-variable -Wno-unused-parameter -Wno-unused-variable      -c -o verilated_vpi.o /home/mandeep/.local/share/verilator/include/verilated_vpi.cpp
ccache g++ -Os  -I.  -MMD -I/home/mandeep/.local/share/verilator/include -I/home/mandeep/.local/share/verilator/include/vltstd -DVM_COVERAGE=0 -DVM_SC=0 -DVM_TIMING=0 -DVM_TRACE=0 -DVM_TRACE_FST=0 -DVM_TRACE_VCD=0 -DVM_TRACE_SAIF=0 -faligned-new -fcf-protection=none -Wno-bool-operation -Wno-shadow -Wno-sign-compare -Wno-subobject-linkage -Wno-tautological-compare -Wno-uninitialized -Wno-unused-but-set-parameter -Wno-unused-but-set-variable -Wno-unused-parameter -Wno-unused-variable      -c -o verilated_threads.o /home/mandeep/.local/share/verilator/include/verilated_threads.cpp
python3 /home/mandeep/.local/share/verilator/bin/verilator_includer -DVL_INCLUDE_OPT=include Vtop.cpp Vtop___024root__DepSet_h84412442__0.cpp Vtop___024root__DepSet_heccd7ead__0.cpp Vtop__Dpi.cpp Vtop___024root__Slow.cpp Vtop___024root__DepSet_h84412442__0__Slow.cpp Vtop___024root__DepSet_heccd7ead__0__Slow.cpp Vtop__Syms.cpp > Vtop__ALL.cpp
ccache g++ -Os  -I.  -MMD -I/home/mandeep/.local/share/verilator/include -I/home/mandeep/.local/share/verilator/include/vltstd -DVM_COVERAGE=0 -DVM_SC=0 -DVM_TIMING=0 -DVM_TRACE=0 -DVM_TRACE_FST=0 -DVM_TRACE_VCD=0 -DVM_TRACE_SAIF=0 -faligned-new -fcf-protection=none -Wno-bool-operation -Wno-shadow -Wno-sign-compare -Wno-subobject-linkage -Wno-tautological-compare -Wno-uninitialized -Wno-unused-but-set-parameter -Wno-unused-but-set-variable -Wno-unused-parameter -Wno-unused-variable      -c -o Vtop__ALL.o Vtop__ALL.cpp
echo "" > Vtop__ALL.verilator_deplist.tmp
g++    verilator.o verilated.o verilated_dpi.o verilated_vpi.o verilated_threads.o Vtop__ALL.a   -Wl,-rpath,/usr/local/lib/python3.10/dist-packages/cocotb/libs -L/usr/local/lib/python3.10/dist-packages/cocotb/libs -lcocotbvpi_verilator  -pthread -lpthread -latomic   -o Vtop
rm Vtop__ALL.verilator_deplist.tmp
make[2]: Leaving directory '/mnt/c/Users/mande/astracore-neo/sim/tmr_voter/sim_build'
/usr/local/lib/python3.10/dist-packages/cocotb_tools/makefiles/simulators/Makefile.verilator:69: Using MODULE is deprecated, please use COCOTB_TEST_MODULES instead.
rm -f results.xml
COCOTB_TEST_MODULES=test_tmr_voter COCOTB_TESTCASE= COCOTB_TEST_FILTER= COCOTB_TOPLEVEL=tmr_voter TOPLEVEL_LANG=verilog \
         sim_build/Vtop     
     -.--ns INFO     gpi                                ..mbed/gpi_embed.cpp:93   in _embed_init_python              Using Python 3.10.14 interpreter at /usr/bin/python3
     -.--ns INFO     gpi                                ../gpi/GpiCommon.cpp:79   in gpi_print_registered_impl       VPI registered
     0.00ns INFO     cocotb                             Running on Verilator version 5.036 2025-04-27
     0.00ns INFO     cocotb                             Seeding Python random module with 1776698720
     0.00ns INFO     cocotb                             Initialized cocotb v2.0.1 from /usr/local/lib/python3.10/dist-packages/cocotb
     0.00ns INFO     cocotb.regression                  pytest not found, install it to enable better AssertionError messages
     0.00ns INFO     cocotb                             Running tests
     0.00ns INFO     cocotb.regression                  running test_tmr_voter.test_all_agree (1/9)
                                                            All three lanes equal → voted = any lane, agreement = 1, no faults.
    70.00ns INFO     cocotb.tmr_voter                   all_agree test passed
    70.00ns INFO     cocotb.regression                  test_tmr_voter.test_all_agree passed
    70.00ns INFO     cocotb.regression                  running test_tmr_voter.test_lane_c_fault (2/9)
                                                            A == B != C → voted = A, fault_c = 1.
   150.00ns INFO     cocotb.tmr_voter                   lane_c_fault test passed
   150.00ns INFO     cocotb.regression                  test_tmr_voter.test_lane_c_fault passed
   150.00ns INFO     cocotb.regression                  running test_tmr_voter.test_lane_b_fault (3/9)
                                                            A == C != B → voted = A, fault_b = 1.
   230.00ns INFO     cocotb.tmr_voter                   lane_b_fault test passed
   230.00ns INFO     cocotb.regression                  test_tmr_voter.test_lane_b_fault passed
   230.00ns INFO     cocotb.regression                  running test_tmr_voter.test_lane_a_fault (4/9)
                                                            B == C != A → voted = B, fault_a = 1.
   310.00ns INFO     cocotb.tmr_voter                   lane_a_fault test passed
   310.00ns INFO     cocotb.regression                  test_tmr_voter.test_lane_a_fault passed
   310.00ns INFO     cocotb.regression                  running test_tmr_voter.test_triple_fault (5/9)
                                                            All three lanes differ → triple_fault = 1, agreement = 0.
   390.00ns INFO     cocotb.tmr_voter                   triple_fault test passed
   390.00ns INFO     cocotb.regression                  test_tmr_voter.test_triple_fault passed
   390.00ns INFO     cocotb.regression                  running test_tmr_voter.test_zero_value_vote (6/9)
                                                            All lanes zero → voted = 0, all agree.
   470.00ns INFO     cocotb.tmr_voter                   zero_value_vote test passed
   470.00ns INFO     cocotb.regression                  test_tmr_voter.test_zero_value_vote passed
   470.00ns INFO     cocotb.regression                  running test_tmr_voter.test_max_value_vote (7/9)
                                                            All lanes = 0xFFFFFFFF → voted = 0xFFFFFFFF.
   550.01ns INFO     cocotb.tmr_voter                   max_value_vote test passed
   550.01ns INFO     cocotb.regression                  test_tmr_voter.test_max_value_vote passed
   550.01ns INFO     cocotb.regression                  running test_tmr_voter.test_sequence_vote_reference_match (8/9)
                                                            Drive a mixed sequence of agree/disagree votes and verify DUT matches ref.
   730.01ns INFO     cocotb.tmr_voter                   sequence test passed
   730.01ns INFO     cocotb.regression                  test_tmr_voter.test_sequence_vote_reference_match passed
   730.01ns INFO     cocotb.regression                  running test_tmr_voter.test_reset_clears_outputs (9/9)
                                                            After reset, all outputs should be 0.
   850.01ns INFO     cocotb.tmr_voter                   reset_clears_outputs test passed
   850.01ns INFO     cocotb.regression                  test_tmr_voter.test_reset_clears_outputs passed
   850.01ns INFO     cocotb.regression                  ***********************************************************************************************************
                                                        ** TEST                                               STATUS  SIM TIME (ns)  REAL TIME (s)  RATIO (ns/s) **
                                                        ***********************************************************************************************************
                                                        ** test_tmr_voter.test_all_agree                       PASS          70.00           0.00      81828.67  **
                                                        ** test_tmr_voter.test_lane_c_fault                    PASS          80.00           0.00     187350.26  **
                                                        ** test_tmr_voter.test_lane_b_fault                    PASS          80.00           0.00     252288.96  **
                                                        ** test_tmr_voter.test_lane_a_fault                    PASS          80.00           0.00     240017.40  **
                                                        ** test_tmr_voter.test_triple_fault                    PASS          80.00           0.00     233016.89  **
                                                        ** test_tmr_voter.test_zero_value_vote                 PASS          80.00           0.00     261123.98  **
                                                        ** test_tmr_voter.test_max_value_vote                  PASS          80.00           0.00     228106.27  **
                                                        ** test_tmr_voter.test_sequence_vote_reference_match   PASS         180.00           0.00     300547.26  **
                                                        ** test_tmr_voter.test_reset_clears_outputs            PASS         120.00           0.00     328321.25  **
                                                        ***********************************************************************************************************
                                                        ** TESTS=9 PASS=9 FAIL=0 SKIP=0                                     850.01           0.03      24941.00  **
                                                        ***********************************************************************************************************
- :0: Verilog $finish
make[1]: Leaving directory '/mnt/c/Users/mande/astracore-neo/sim/tmr_voter'
